<?xml version="1.0" encoding="UTF-8"?>
<!-- Generated by org.testng.reporters.JUnitXMLReporter -->
<testsuite hostname="DESKTOP-B259833" failures="0" tests="4" name="Test" time="23.765" errors="0" timestamp="9 Jan 2023 18:07:31 GMT">
  <testcase classname="com.todos.tests.AutentificateTests" name="loginWithInValidCredentiels" time="0.591"/>
  <testcase classname="com.todos.tests.AutentificateTests" name="loginWithInValidCredentiels" time="0.469"/>
  <testcase classname="com.todos.tests.AutentificateTests" name="loginWithInValidCredentiels" time="0.575"/>
  <testcase classname="com.todos.tests.AutentificateTests" name="loginWithValidCredentiels" time="0.45"/>
</testsuite> <!-- Test -->
